<?xml version="1.0" encoding="UTF-8"?>
<!-- Generated by org.testng.reporters.JUnitReportReporter -->
<testsuite hostname="suba-pc" failures="8" tests="44" name="runner.TestRunner" time="199.095" errors="5" timestamp="2024-04-30T10:23:37 EDT" skipped="0">
  <testcase classname="runner.TestRunner" name="runScenario" time="4.446"/>
  <system-out/>
  <testcase classname="runner.TestRunner" name="runScenario" time="1.000"/>
  <system-out/>
  <testcase classname="runner.TestRunner" name="runScenario" time="5.000">
    <failure message="URL does not contain &#039;manage batch&#039; expected [true] but found [false]" type="java.lang.AssertionError">
      <![CDATA[java.lang.AssertionError: URL does not contain 'manage batch' expected [true] but found [false]
at org.testng.Assert.fail(Assert.java:110)
at org.testng.Assert.failNotEquals(Assert.java:1577)
at org.testng.Assert.assertTrue(Assert.java:56)
at pageObjects.BatchPage.checkURL(BatchPage.java:441)
at stepDefinitions.BatchPagevalidation_SD.admin_should_see_the_in_the_url(BatchPagevalidation_SD.java:32)
at ✽.Admin should see the "manage batch" in the url(file:///C:/Users/subas/EclipseLMSPractice/Team15_SeleniumTribe_LMSUIHackathon_Apr24/src/test/resources/Features/D_BatchModule/01_BatchPageValidation.feature:16)
]]>
    </failure>
  </testcase> <!-- runScenario -->
  <system-out/>
  <testcase classname="runner.TestRunner" name="runScenario" time="0.934"/>
  <system-out/>
  <testcase classname="runner.TestRunner" name="runScenario" time="0.733"/>
  <system-out/>
  <testcase classname="runner.TestRunner" name="runScenario" time="0.658"/>
  <system-out/>
  <testcase classname="runner.TestRunner" name="runScenario" time="5.100"/>
  <system-out/>
  <testcase classname="runner.TestRunner" name="runScenario" time="0.993"/>
  <system-out/>
  <testcase classname="runner.TestRunner" name="runScenario" time="1.010"/>
  <system-out/>
  <testcase classname="runner.TestRunner" name="runScenario" time="0.883"/>
  <system-out/>
  <testcase classname="runner.TestRunner" name="runScenario" time="16.293">
    <error message="no such element: Unable to locate element: {&quot;method&quot;:&quot;xpath&quot;,&quot;selector&quot;:&quot;//button[contains(@class, &#039;p-confirm-dialog-reject&#039;)]&quot;}
  (Session info: chrome=124.0.6367.63)
For documentation on this error, please visit: https://www.selenium.dev/documentation/webdriver/troubleshooting/errors#no-such-element-exception
Build info: version: &#039;4.19.1&#039;, revision: &#039;abe0ee07dc&#039;
System info: os.name: &#039;Windows 11&#039;, os.arch: &#039;amd64&#039;, os.version: &#039;10.0&#039;, java.version: &#039;17.0.7&#039;
Driver info: org.openqa.selenium.chrome.ChromeDriver
Command: [09e51d4712a31fe8bc605cdcaac0d9f9, findElement {using=xpath, value=//button[contains(@class, &#039;p-confirm-dialog-reject&#039;)]}]
Capabilities {acceptInsecureCerts: false, browserName: chrome, browserVersion: 124.0.6367.63, chrome: {chromedriverVersion: 124.0.6367.91 (51df0e5e17a8..., userDataDir: C:\Users\subas\AppData\Loca...}, fedcm:accounts: true, goog:chromeOptions: {debuggerAddress: localhost:58407}, networkConnectionEnabled: false, pageLoadStrategy: normal, platformName: windows, proxy: Proxy(), se:cdp: ws://localhost:58407/devtoo..., se:cdpVersion: 124.0.6367.63, setWindowRect: true, strictFileInteractability: false, timeouts: {implicit: 0, pageLoad: 300000, script: 30000}, unhandledPromptBehavior: dismiss and notify, webauthn:extension:credBlob: true, webauthn:extension:largeBlob: true, webauthn:extension:minPinLength: true, webauthn:extension:prf: true, webauthn:virtualAuthenticators: true}
Session ID: 09e51d4712a31fe8bc605cdcaac0d9f9" type="org.openqa.selenium.NoSuchElementException">
      <![CDATA[org.openqa.selenium.NoSuchElementException: no such element: Unable to locate element: {"method":"xpath","selector":"//button[contains(@class, 'p-confirm-dialog-reject')]"}
  (Session info: chrome=124.0.6367.63)
For documentation on this error, please visit: https://www.selenium.dev/documentation/webdriver/troubleshooting/errors#no-such-element-exception
Build info: version: '4.19.1', revision: 'abe0ee07dc'
System info: os.name: 'Windows 11', os.arch: 'amd64', os.version: '10.0', java.version: '17.0.7'
Driver info: org.openqa.selenium.chrome.ChromeDriver
Command: [09e51d4712a31fe8bc605cdcaac0d9f9, findElement {using=xpath, value=//button[contains(@class, 'p-confirm-dialog-reject')]}]
Capabilities {acceptInsecureCerts: false, browserName: chrome, browserVersion: 124.0.6367.63, chrome: {chromedriverVersion: 124.0.6367.91 (51df0e5e17a8..., userDataDir: C:\Users\subas\AppData\Loca...}, fedcm:accounts: true, goog:chromeOptions: {debuggerAddress: localhost:58407}, networkConnectionEnabled: false, pageLoadStrategy: normal, platformName: windows, proxy: Proxy(), se:cdp: ws://localhost:58407/devtoo..., se:cdpVersion: 124.0.6367.63, setWindowRect: true, strictFileInteractability: false, timeouts: {implicit: 0, pageLoad: 300000, script: 30000}, unhandledPromptBehavior: dismiss and notify, webauthn:extension:credBlob: true, webauthn:extension:largeBlob: true, webauthn:extension:minPinLength: true, webauthn:extension:prf: true, webauthn:virtualAuthenticators: true}
Session ID: 09e51d4712a31fe8bc605cdcaac0d9f9
at java.base/jdk.internal.reflect.NativeConstructorAccessorImpl.newInstance0(Native Method)
at java.base/jdk.internal.reflect.NativeConstructorAccessorImpl.newInstance(NativeConstructorAccessorImpl.java:77)
at java.base/jdk.internal.reflect.DelegatingConstructorAccessorImpl.newInstance(DelegatingConstructorAccessorImpl.java:45)
at java.base/java.lang.reflect.Constructor.newInstanceWithCaller(Constructor.java:499)
at java.base/java.lang.reflect.Constructor.newInstance(Constructor.java:480)
at org.openqa.selenium.remote.ErrorCodec.decode(ErrorCodec.java:167)
at org.openqa.selenium.remote.codec.w3c.W3CHttpResponseCodec.decode(W3CHttpResponseCodec.java:138)
at org.openqa.selenium.remote.codec.w3c.W3CHttpResponseCodec.decode(W3CHttpResponseCodec.java:50)
at org.openqa.selenium.remote.HttpCommandExecutor.execute(HttpCommandExecutor.java:190)
at org.openqa.selenium.remote.service.DriverCommandExecutor.invokeExecute(DriverCommandExecutor.java:216)
at org.openqa.selenium.remote.service.DriverCommandExecutor.execute(DriverCommandExecutor.java:174)
at org.openqa.selenium.remote.RemoteWebDriver.execute(RemoteWebDriver.java:518)
at org.openqa.selenium.remote.ElementLocation$ElementFinder$2.findElement(ElementLocation.java:165)
at org.openqa.selenium.remote.ElementLocation.findElement(ElementLocation.java:59)
at org.openqa.selenium.remote.RemoteWebDriver.findElement(RemoteWebDriver.java:355)
at org.openqa.selenium.remote.RemoteWebDriver.findElement(RemoteWebDriver.java:349)
at org.openqa.selenium.support.pagefactory.DefaultElementLocator.findElement(DefaultElementLocator.java:68)
at org.openqa.selenium.support.pagefactory.internal.LocatingElementHandler.invoke(LocatingElementHandler.java:38)
at jdk.proxy2/jdk.proxy2.$Proxy40.click(Unknown Source)
at pageObjects.BatchPage.clickNoOption(BatchPage.java:716)
at stepDefinitions.DeleteBatch_SD.admin_click_optionno(DeleteBatch_SD.java:59)
at ✽.Admin click "no" NO option(file:///C:/Users/subas/EclipseLMSPractice/Team15_SeleniumTribe_LMSUIHackathon_Apr24/src/test/resources/Features/D_BatchModule/04_DeleteBatch.feature:20)
]]>
    </error>
  </testcase> <!-- runScenario -->
  <system-out/>
  <testcase classname="runner.TestRunner" name="runScenario" time="16.036"/>
  <system-out/>
  <testcase classname="runner.TestRunner" name="runScenario" time="1.158">
    <failure message="Actual message does not contain expected message expected [true] but found [false]" type="java.lang.AssertionError">
      <![CDATA[java.lang.AssertionError: Actual message does not contain expected message expected [true] but found [false]
at org.testng.Assert.fail(Assert.java:110)
at org.testng.Assert.failNotEquals(Assert.java:1577)
at org.testng.Assert.assertTrue(Assert.java:56)
at commonUtilities.CommonUtils.getAssertionEqualsCheck(CommonUtils.java:42)
at pageObjects.BatchPage.popUpVerification(BatchPage.java:182)
at stepDefinitions.AddNewBatch_SD.a_new_pop_up_with_batch_details_appears(AddNewBatch_SD.java:58)
at ✽.A new pop up with Batch details appears(file:///C:/Users/subas/EclipseLMSPractice/Team15_SeleniumTribe_LMSUIHackathon_Apr24/src/test/resources/Features/D_BatchModule/zAddNewBatch.feature:12)
]]>
    </failure>
  </testcase> <!-- runScenario -->
  <system-out/>
  <testcase classname="runner.TestRunner" name="runScenario" time="1.172">
    <failure message="Actual message does not contain expected message expected [true] but found [false]" type="java.lang.AssertionError">
      <![CDATA[java.lang.AssertionError: Actual message does not contain expected message expected [true] but found [false]
at org.testng.Assert.fail(Assert.java:110)
at org.testng.Assert.failNotEquals(Assert.java:1577)
at org.testng.Assert.assertTrue(Assert.java:56)
at commonUtilities.CommonUtils.getAssertionEqualsCheck(CommonUtils.java:42)
at pageObjects.BatchPage.popUpVerification(BatchPage.java:182)
at stepDefinitions.AddNewBatch_SD.a_new_pop_up_with_batch_details_appears(AddNewBatch_SD.java:58)
at ✽.A new pop up with Batch details appears(file:///C:/Users/subas/EclipseLMSPractice/Team15_SeleniumTribe_LMSUIHackathon_Apr24/src/test/resources/Features/D_BatchModule/zAddNewBatch.feature:12)
]]>
    </failure>
  </testcase> <!-- runScenario -->
  <system-out/>
  <testcase classname="runner.TestRunner" name="runScenario" time="0.717"/>
  <system-out/>
  <testcase classname="runner.TestRunner" name="runScenario" time="2.453"/>
  <system-out/>
  <testcase classname="runner.TestRunner" name="runScenario" time="0.794"/>
  <system-out/>
  <testcase classname="runner.TestRunner" name="runScenario" time="2.130">
    <failure message="expected [true] but found [false]" type="java.lang.AssertionError">
      <![CDATA[java.lang.AssertionError: expected [true] but found [false]
at org.testng.Assert.fail(Assert.java:110)
at org.testng.Assert.failNotEquals(Assert.java:1577)
at org.testng.Assert.assertTrue(Assert.java:56)
at org.testng.Assert.assertTrue(Assert.java:66)
at stepDefinitions.EditBatch_SD.the_updated_batch_details_should_appear_on_the_data_table(EditBatch_SD.java:57)
at ✽.The updated batch details should appear on the data table(file:///C:/Users/subas/EclipseLMSPractice/Team15_SeleniumTribe_LMSUIHackathon_Apr24/src/test/resources/Features/D_BatchModule/03_EditBatch.feature:22)
]]>
    </failure>
  </testcase> <!-- runScenario -->
  <system-out/>
  <testcase classname="runner.TestRunner" name="runScenario" time="0.931"/>
  <system-out/>
  <testcase classname="runner.TestRunner" name="runScenario" time="1.185"/>
  <system-out/>
  <testcase classname="runner.TestRunner" name="runScenario" time="16.022"/>
  <system-out/>
  <testcase classname="runner.TestRunner" name="runScenario" time="6.715">
    <failure message="Multiple rows delete icon is not deleting the batches. expected [true] but found [false]" type="java.lang.AssertionError">
      <![CDATA[java.lang.AssertionError: Multiple rows delete icon is not deleting the batches. expected [true] but found [false]
at org.testng.Assert.fail(Assert.java:110)
at org.testng.Assert.failNotEquals(Assert.java:1577)
at org.testng.Assert.assertEqualsImpl(Assert.java:149)
at org.testng.Assert.assertEquals(Assert.java:131)
at org.testng.Assert.assertEquals(Assert.java:1066)
at org.testng.Assert.assertEquals(Assert.java:1030)
at stepDefinitions.DeleteBatch_SD.the_respective_row_in_the_data_table_is_deleted(DeleteBatch_SD.java:103)
at ✽.The respective row in the data table is deleted(file:///C:/Users/subas/EclipseLMSPractice/Team15_SeleniumTribe_LMSUIHackathon_Apr24/src/test/resources/Features/D_BatchModule/05_DeleteMultipleBatches.feature:25)
]]>
    </failure>
  </testcase> <!-- runScenario -->
  <system-out/>
  <testcase classname="runner.TestRunner" name="runScenario" time="0.773"/>
  <system-out/>
  <testcase classname="runner.TestRunner" name="runScenario" time="1.023"/>
  <system-out/>
  <testcase classname="runner.TestRunner" name="runScenario" time="0.948"/>
  <system-out/>
  <testcase classname="runner.TestRunner" name="runScenario" time="0.894"/>
  <system-out/>
  <testcase classname="runner.TestRunner" name="runScenario" time="0.821"/>
  <system-out/>
  <testcase classname="runner.TestRunner" name="runScenario" time="16.484">
    <error message="no such element: Unable to locate element: {&quot;method&quot;:&quot;xpath&quot;,&quot;selector&quot;:&quot;//span[normalize-space()=&#039;Yes&#039;]&quot;}
  (Session info: chrome=124.0.6367.63)
For documentation on this error, please visit: https://www.selenium.dev/documentation/webdriver/troubleshooting/errors#no-such-element-exception
Build info: version: &#039;4.19.1&#039;, revision: &#039;abe0ee07dc&#039;
System info: os.name: &#039;Windows 11&#039;, os.arch: &#039;amd64&#039;, os.version: &#039;10.0&#039;, java.version: &#039;17.0.7&#039;
Driver info: org.openqa.selenium.chrome.ChromeDriver
Command: [09e51d4712a31fe8bc605cdcaac0d9f9, findElement {using=xpath, value=//span[normalize-space()=&#039;Yes&#039;]}]
Capabilities {acceptInsecureCerts: false, browserName: chrome, browserVersion: 124.0.6367.63, chrome: {chromedriverVersion: 124.0.6367.91 (51df0e5e17a8..., userDataDir: C:\Users\subas\AppData\Loca...}, fedcm:accounts: true, goog:chromeOptions: {debuggerAddress: localhost:58407}, networkConnectionEnabled: false, pageLoadStrategy: normal, platformName: windows, proxy: Proxy(), se:cdp: ws://localhost:58407/devtoo..., se:cdpVersion: 124.0.6367.63, setWindowRect: true, strictFileInteractability: false, timeouts: {implicit: 0, pageLoad: 300000, script: 30000}, unhandledPromptBehavior: dismiss and notify, webauthn:extension:credBlob: true, webauthn:extension:largeBlob: true, webauthn:extension:minPinLength: true, webauthn:extension:prf: true, webauthn:virtualAuthenticators: true}
Session ID: 09e51d4712a31fe8bc605cdcaac0d9f9" type="org.openqa.selenium.NoSuchElementException">
      <![CDATA[org.openqa.selenium.NoSuchElementException: no such element: Unable to locate element: {"method":"xpath","selector":"//span[normalize-space()='Yes']"}
  (Session info: chrome=124.0.6367.63)
For documentation on this error, please visit: https://www.selenium.dev/documentation/webdriver/troubleshooting/errors#no-such-element-exception
Build info: version: '4.19.1', revision: 'abe0ee07dc'
System info: os.name: 'Windows 11', os.arch: 'amd64', os.version: '10.0', java.version: '17.0.7'
Driver info: org.openqa.selenium.chrome.ChromeDriver
Command: [09e51d4712a31fe8bc605cdcaac0d9f9, findElement {using=xpath, value=//span[normalize-space()='Yes']}]
Capabilities {acceptInsecureCerts: false, browserName: chrome, browserVersion: 124.0.6367.63, chrome: {chromedriverVersion: 124.0.6367.91 (51df0e5e17a8..., userDataDir: C:\Users\subas\AppData\Loca...}, fedcm:accounts: true, goog:chromeOptions: {debuggerAddress: localhost:58407}, networkConnectionEnabled: false, pageLoadStrategy: normal, platformName: windows, proxy: Proxy(), se:cdp: ws://localhost:58407/devtoo..., se:cdpVersion: 124.0.6367.63, setWindowRect: true, strictFileInteractability: false, timeouts: {implicit: 0, pageLoad: 300000, script: 30000}, unhandledPromptBehavior: dismiss and notify, webauthn:extension:credBlob: true, webauthn:extension:largeBlob: true, webauthn:extension:minPinLength: true, webauthn:extension:prf: true, webauthn:virtualAuthenticators: true}
Session ID: 09e51d4712a31fe8bc605cdcaac0d9f9
at java.base/jdk.internal.reflect.NativeConstructorAccessorImpl.newInstance0(Native Method)
at java.base/jdk.internal.reflect.NativeConstructorAccessorImpl.newInstance(NativeConstructorAccessorImpl.java:77)
at java.base/jdk.internal.reflect.DelegatingConstructorAccessorImpl.newInstance(DelegatingConstructorAccessorImpl.java:45)
at java.base/java.lang.reflect.Constructor.newInstanceWithCaller(Constructor.java:499)
at java.base/java.lang.reflect.Constructor.newInstance(Constructor.java:480)
at org.openqa.selenium.remote.ErrorCodec.decode(ErrorCodec.java:167)
at org.openqa.selenium.remote.codec.w3c.W3CHttpResponseCodec.decode(W3CHttpResponseCodec.java:138)
at org.openqa.selenium.remote.codec.w3c.W3CHttpResponseCodec.decode(W3CHttpResponseCodec.java:50)
at org.openqa.selenium.remote.HttpCommandExecutor.execute(HttpCommandExecutor.java:190)
at org.openqa.selenium.remote.service.DriverCommandExecutor.invokeExecute(DriverCommandExecutor.java:216)
at org.openqa.selenium.remote.service.DriverCommandExecutor.execute(DriverCommandExecutor.java:174)
at org.openqa.selenium.remote.RemoteWebDriver.execute(RemoteWebDriver.java:518)
at org.openqa.selenium.remote.ElementLocation$ElementFinder$2.findElement(ElementLocation.java:165)
at org.openqa.selenium.remote.ElementLocation.findElement(ElementLocation.java:59)
at org.openqa.selenium.remote.RemoteWebDriver.findElement(RemoteWebDriver.java:355)
at org.openqa.selenium.remote.RemoteWebDriver.findElement(RemoteWebDriver.java:349)
at org.openqa.selenium.support.pagefactory.DefaultElementLocator.findElement(DefaultElementLocator.java:68)
at org.openqa.selenium.support.pagefactory.internal.LocatingElementHandler.invoke(LocatingElementHandler.java:38)
at jdk.proxy2/jdk.proxy2.$Proxy40.isDisplayed(Unknown Source)
at pageObjects.BatchPage.assertYesOrNoBtn(BatchPage.java:687)
at stepDefinitions.DeleteBatch_SD.alert_appears_with_yes_and_no_option(DeleteBatch_SD.java:41)
at ✽.Alert appears with yes and No option(file:///C:/Users/subas/EclipseLMSPractice/Team15_SeleniumTribe_LMSUIHackathon_Apr24/src/test/resources/Features/D_BatchModule/04_DeleteBatch.feature:16)
]]>
    </error>
  </testcase> <!-- runScenario -->
  <system-out/>
  <testcase classname="runner.TestRunner" name="runScenario" time="1.444">
    <error message="Cannot invoke &quot;java.util.List.iterator()&quot; because &quot;deletedBatchNames&quot; is null" type="java.lang.NullPointerException">
      <![CDATA[java.lang.NullPointerException: Cannot invoke "java.util.List.iterator()" because "deletedBatchNames" is null
at pageObjects.BatchPage.verifyDeletedBatches(BatchPage.java:628)
at stepDefinitions.DeleteBatch_SD.the_respective_row_in_the_data_table_is_deleted(DeleteBatch_SD.java:101)
at ✽.The respective row in the data table is deleted(file:///C:/Users/subas/EclipseLMSPractice/Team15_SeleniumTribe_LMSUIHackathon_Apr24/src/test/resources/Features/D_BatchModule/05_DeleteMultipleBatches.feature:18)
]]>
    </error>
  </testcase> <!-- runScenario -->
  <system-out/>
  <testcase classname="runner.TestRunner" name="runScenario" time="0.774"/>
  <system-out/>
  <testcase classname="runner.TestRunner" name="runScenario" time="0.979"/>
  <system-out/>
  <testcase classname="runner.TestRunner" name="runScenario" time="19.437">
    <failure message="Assertion error: manadatory field should be enabled :programField expected [true] but found [false]" type="java.lang.AssertionError">
      <![CDATA[java.lang.AssertionError: Assertion error: manadatory field should be enabled :programField expected [true] but found [false]
at org.testng.Assert.fail(Assert.java:110)
at org.testng.Assert.failNotEquals(Assert.java:1577)
at org.testng.Assert.assertEqualsImpl(Assert.java:149)
at org.testng.Assert.assertEquals(Assert.java:131)
at org.testng.Assert.assertEquals(Assert.java:1066)
at org.testng.Assert.assertEquals(Assert.java:1030)
at pageObjects.BatchPage.checkInvalidValuesinUpdate(BatchPage.java:878)
at stepDefinitions.EditBatch_SD.erase_data_from_mandatory_field(EditBatch_SD.java:78)
at ✽.Erase data from mandatory field "AddBatch" and 1(file:///C:/Users/subas/EclipseLMSPractice/Team15_SeleniumTribe_LMSUIHackathon_Apr24/src/test/resources/Features/D_BatchModule/03_EditBatch.feature:39)
]]>
    </failure>
  </testcase> <!-- runScenario -->
  <system-out/>
  <testcase classname="runner.TestRunner" name="runScenario" time="0.753"/>
  <system-out/>
  <testcase classname="runner.TestRunner" name="runScenario" time="0.946"/>
  <system-out/>
  <testcase classname="runner.TestRunner" name="runScenario" time="1.109"/>
  <system-out/>
  <testcase classname="runner.TestRunner" name="runScenario" time="2.431">
    <failure message="expected [true] but found [false]" type="java.lang.AssertionError">
      <![CDATA[java.lang.AssertionError: expected [true] but found [false]
at org.testng.Assert.fail(Assert.java:110)
at org.testng.Assert.failNotEquals(Assert.java:1577)
at org.testng.Assert.assertTrue(Assert.java:56)
at org.testng.Assert.assertTrue(Assert.java:66)
at stepDefinitions.EditBatch_SD.the_updated_batch_details_should_appear_on_the_data_table(EditBatch_SD.java:57)
at ✽.The updated batch details should appear on the data table(file:///C:/Users/subas/EclipseLMSPractice/Team15_SeleniumTribe_LMSUIHackathon_Apr24/src/test/resources/Features/D_BatchModule/03_EditBatch.feature:50)
]]>
    </failure>
  </testcase> <!-- runScenario -->
  <system-out/>
  <testcase classname="runner.TestRunner" name="runScenario" time="20.531">
    <error message="no such element: Unable to locate element: {&quot;method&quot;:&quot;xpath&quot;,&quot;selector&quot;:&quot;//button[@class=&#039;p-paginator-next p-paginator-element p-link p-ripple&#039;]&quot;}
  (Session info: chrome=124.0.6367.63)
For documentation on this error, please visit: https://www.selenium.dev/documentation/webdriver/troubleshooting/errors#no-such-element-exception
Build info: version: &#039;4.19.1&#039;, revision: &#039;abe0ee07dc&#039;
System info: os.name: &#039;Windows 11&#039;, os.arch: &#039;amd64&#039;, os.version: &#039;10.0&#039;, java.version: &#039;17.0.7&#039;
Driver info: org.openqa.selenium.chrome.ChromeDriver
Command: [09e51d4712a31fe8bc605cdcaac0d9f9, findElement {using=xpath, value=//button[@class=&#039;p-paginator-next p-paginator-element p-link p-ripple&#039;]}]
Capabilities {acceptInsecureCerts: false, browserName: chrome, browserVersion: 124.0.6367.63, chrome: {chromedriverVersion: 124.0.6367.91 (51df0e5e17a8..., userDataDir: C:\Users\subas\AppData\Loca...}, fedcm:accounts: true, goog:chromeOptions: {debuggerAddress: localhost:58407}, networkConnectionEnabled: false, pageLoadStrategy: normal, platformName: windows, proxy: Proxy(), se:cdp: ws://localhost:58407/devtoo..., se:cdpVersion: 124.0.6367.63, setWindowRect: true, strictFileInteractability: false, timeouts: {implicit: 0, pageLoad: 300000, script: 30000}, unhandledPromptBehavior: dismiss and notify, webauthn:extension:credBlob: true, webauthn:extension:largeBlob: true, webauthn:extension:minPinLength: true, webauthn:extension:prf: true, webauthn:virtualAuthenticators: true}
Session ID: 09e51d4712a31fe8bc605cdcaac0d9f9" type="org.openqa.selenium.NoSuchElementException">
      <![CDATA[org.openqa.selenium.NoSuchElementException: no such element: Unable to locate element: {"method":"xpath","selector":"//button[@class='p-paginator-next p-paginator-element p-link p-ripple']"}
  (Session info: chrome=124.0.6367.63)
For documentation on this error, please visit: https://www.selenium.dev/documentation/webdriver/troubleshooting/errors#no-such-element-exception
Build info: version: '4.19.1', revision: 'abe0ee07dc'
System info: os.name: 'Windows 11', os.arch: 'amd64', os.version: '10.0', java.version: '17.0.7'
Driver info: org.openqa.selenium.chrome.ChromeDriver
Command: [09e51d4712a31fe8bc605cdcaac0d9f9, findElement {using=xpath, value=//button[@class='p-paginator-next p-paginator-element p-link p-ripple']}]
Capabilities {acceptInsecureCerts: false, browserName: chrome, browserVersion: 124.0.6367.63, chrome: {chromedriverVersion: 124.0.6367.91 (51df0e5e17a8..., userDataDir: C:\Users\subas\AppData\Loca...}, fedcm:accounts: true, goog:chromeOptions: {debuggerAddress: localhost:58407}, networkConnectionEnabled: false, pageLoadStrategy: normal, platformName: windows, proxy: Proxy(), se:cdp: ws://localhost:58407/devtoo..., se:cdpVersion: 124.0.6367.63, setWindowRect: true, strictFileInteractability: false, timeouts: {implicit: 0, pageLoad: 300000, script: 30000}, unhandledPromptBehavior: dismiss and notify, webauthn:extension:credBlob: true, webauthn:extension:largeBlob: true, webauthn:extension:minPinLength: true, webauthn:extension:prf: true, webauthn:virtualAuthenticators: true}
Session ID: 09e51d4712a31fe8bc605cdcaac0d9f9
at java.base/jdk.internal.reflect.NativeConstructorAccessorImpl.newInstance0(Native Method)
at java.base/jdk.internal.reflect.NativeConstructorAccessorImpl.newInstance(NativeConstructorAccessorImpl.java:77)
at java.base/jdk.internal.reflect.DelegatingConstructorAccessorImpl.newInstance(DelegatingConstructorAccessorImpl.java:45)
at java.base/java.lang.reflect.Constructor.newInstanceWithCaller(Constructor.java:499)
at java.base/java.lang.reflect.Constructor.newInstance(Constructor.java:480)
at org.openqa.selenium.remote.ErrorCodec.decode(ErrorCodec.java:167)
at org.openqa.selenium.remote.codec.w3c.W3CHttpResponseCodec.decode(W3CHttpResponseCodec.java:138)
at org.openqa.selenium.remote.codec.w3c.W3CHttpResponseCodec.decode(W3CHttpResponseCodec.java:50)
at org.openqa.selenium.remote.HttpCommandExecutor.execute(HttpCommandExecutor.java:190)
at org.openqa.selenium.remote.service.DriverCommandExecutor.invokeExecute(DriverCommandExecutor.java:216)
at org.openqa.selenium.remote.service.DriverCommandExecutor.execute(DriverCommandExecutor.java:174)
at org.openqa.selenium.remote.RemoteWebDriver.execute(RemoteWebDriver.java:518)
at org.openqa.selenium.remote.ElementLocation$ElementFinder$2.findElement(ElementLocation.java:165)
at org.openqa.selenium.remote.ElementLocation.findElement(ElementLocation.java:59)
at org.openqa.selenium.remote.RemoteWebDriver.findElement(RemoteWebDriver.java:355)
at org.openqa.selenium.remote.RemoteWebDriver.findElement(RemoteWebDriver.java:349)
at pageObjects.BatchPage.checkForTheAddedBatch(BatchPage.java:266)
at stepDefinitions.AddNewBatch_SD.the_newly_added_batch_should_be_present_in_the_data_table_in_manage_batch(AddNewBatch_SD.java:84)
at ✽.The newly added batch should be present in the data table in Manage Batch(file:///C:/Users/subas/EclipseLMSPractice/Team15_SeleniumTribe_LMSUIHackathon_Apr24/src/test/resources/Features/D_BatchModule/zAddNewBatch.feature:35)
]]>
    </error>
  </testcase> <!-- runScenario -->
  <system-out/>
  <testcase classname="runner.TestRunner" name="runScenario" time="0.647"/>
  <system-out/>
  <testcase classname="runner.TestRunner" name="runScenario" time="0.744"/>
  <system-out/>
  <testcase classname="runner.TestRunner" name="runScenario" time="0.766"/>
  <system-out/>
  <testcase classname="runner.TestRunner" name="runScenario" time="19.415">
    <failure message="Assertion error: manadatory field should be enabled :programField expected [true] but found [false]" type="java.lang.AssertionError">
      <![CDATA[java.lang.AssertionError: Assertion error: manadatory field should be enabled :programField expected [true] but found [false]
at org.testng.Assert.fail(Assert.java:110)
at org.testng.Assert.failNotEquals(Assert.java:1577)
at org.testng.Assert.assertEqualsImpl(Assert.java:149)
at org.testng.Assert.assertEquals(Assert.java:131)
at org.testng.Assert.assertEquals(Assert.java:1066)
at org.testng.Assert.assertEquals(Assert.java:1030)
at pageObjects.BatchPage.checkInvalidValuesinUpdate(BatchPage.java:878)
at stepDefinitions.EditBatch_SD.update_the_fields_with_invalid_values_and_click_save(EditBatch_SD.java:62)
at ✽.Update the fields with invalid values and click save "AddBatch" and 0(file:///C:/Users/subas/EclipseLMSPractice/Team15_SeleniumTribe_LMSUIHackathon_Apr24/src/test/resources/Features/D_BatchModule/03_EditBatch.feature:30)
]]>
    </failure>
  </testcase> <!-- runScenario -->
  <system-out/>
  <testcase classname="runner.TestRunner" name="runScenario" time="16.299">
    <error message="no such element: Unable to locate element: {&quot;method&quot;:&quot;xpath&quot;,&quot;selector&quot;:&quot;//span[normalize-space()=&#039;Yes&#039;]&quot;}
  (Session info: chrome=124.0.6367.63)
For documentation on this error, please visit: https://www.selenium.dev/documentation/webdriver/troubleshooting/errors#no-such-element-exception
Build info: version: &#039;4.19.1&#039;, revision: &#039;abe0ee07dc&#039;
System info: os.name: &#039;Windows 11&#039;, os.arch: &#039;amd64&#039;, os.version: &#039;10.0&#039;, java.version: &#039;17.0.7&#039;
Driver info: org.openqa.selenium.chrome.ChromeDriver
Command: [09e51d4712a31fe8bc605cdcaac0d9f9, findElement {using=xpath, value=//span[normalize-space()=&#039;Yes&#039;]}]
Capabilities {acceptInsecureCerts: false, browserName: chrome, browserVersion: 124.0.6367.63, chrome: {chromedriverVersion: 124.0.6367.91 (51df0e5e17a8..., userDataDir: C:\Users\subas\AppData\Loca...}, fedcm:accounts: true, goog:chromeOptions: {debuggerAddress: localhost:58407}, networkConnectionEnabled: false, pageLoadStrategy: normal, platformName: windows, proxy: Proxy(), se:cdp: ws://localhost:58407/devtoo..., se:cdpVersion: 124.0.6367.63, setWindowRect: true, strictFileInteractability: false, timeouts: {implicit: 0, pageLoad: 300000, script: 30000}, unhandledPromptBehavior: dismiss and notify, webauthn:extension:credBlob: true, webauthn:extension:largeBlob: true, webauthn:extension:minPinLength: true, webauthn:extension:prf: true, webauthn:virtualAuthenticators: true}
Session ID: 09e51d4712a31fe8bc605cdcaac0d9f9" type="org.openqa.selenium.NoSuchElementException">
      <![CDATA[org.openqa.selenium.NoSuchElementException: no such element: Unable to locate element: {"method":"xpath","selector":"//span[normalize-space()='Yes']"}
  (Session info: chrome=124.0.6367.63)
For documentation on this error, please visit: https://www.selenium.dev/documentation/webdriver/troubleshooting/errors#no-such-element-exception
Build info: version: '4.19.1', revision: 'abe0ee07dc'
System info: os.name: 'Windows 11', os.arch: 'amd64', os.version: '10.0', java.version: '17.0.7'
Driver info: org.openqa.selenium.chrome.ChromeDriver
Command: [09e51d4712a31fe8bc605cdcaac0d9f9, findElement {using=xpath, value=//span[normalize-space()='Yes']}]
Capabilities {acceptInsecureCerts: false, browserName: chrome, browserVersion: 124.0.6367.63, chrome: {chromedriverVersion: 124.0.6367.91 (51df0e5e17a8..., userDataDir: C:\Users\subas\AppData\Loca...}, fedcm:accounts: true, goog:chromeOptions: {debuggerAddress: localhost:58407}, networkConnectionEnabled: false, pageLoadStrategy: normal, platformName: windows, proxy: Proxy(), se:cdp: ws://localhost:58407/devtoo..., se:cdpVersion: 124.0.6367.63, setWindowRect: true, strictFileInteractability: false, timeouts: {implicit: 0, pageLoad: 300000, script: 30000}, unhandledPromptBehavior: dismiss and notify, webauthn:extension:credBlob: true, webauthn:extension:largeBlob: true, webauthn:extension:minPinLength: true, webauthn:extension:prf: true, webauthn:virtualAuthenticators: true}
Session ID: 09e51d4712a31fe8bc605cdcaac0d9f9
at java.base/jdk.internal.reflect.NativeConstructorAccessorImpl.newInstance0(Native Method)
at java.base/jdk.internal.reflect.NativeConstructorAccessorImpl.newInstance(NativeConstructorAccessorImpl.java:77)
at java.base/jdk.internal.reflect.DelegatingConstructorAccessorImpl.newInstance(DelegatingConstructorAccessorImpl.java:45)
at java.base/java.lang.reflect.Constructor.newInstanceWithCaller(Constructor.java:499)
at java.base/java.lang.reflect.Constructor.newInstance(Constructor.java:480)
at org.openqa.selenium.remote.ErrorCodec.decode(ErrorCodec.java:167)
at org.openqa.selenium.remote.codec.w3c.W3CHttpResponseCodec.decode(W3CHttpResponseCodec.java:138)
at org.openqa.selenium.remote.codec.w3c.W3CHttpResponseCodec.decode(W3CHttpResponseCodec.java:50)
at org.openqa.selenium.remote.HttpCommandExecutor.execute(HttpCommandExecutor.java:190)
at org.openqa.selenium.remote.service.DriverCommandExecutor.invokeExecute(DriverCommandExecutor.java:216)
at org.openqa.selenium.remote.service.DriverCommandExecutor.execute(DriverCommandExecutor.java:174)
at org.openqa.selenium.remote.RemoteWebDriver.execute(RemoteWebDriver.java:518)
at org.openqa.selenium.remote.ElementLocation$ElementFinder$2.findElement(ElementLocation.java:165)
at org.openqa.selenium.remote.ElementLocation.findElement(ElementLocation.java:59)
at org.openqa.selenium.remote.RemoteWebDriver.findElement(RemoteWebDriver.java:355)
at org.openqa.selenium.remote.RemoteWebDriver.findElement(RemoteWebDriver.java:349)
at org.openqa.selenium.support.pagefactory.DefaultElementLocator.findElement(DefaultElementLocator.java:68)
at org.openqa.selenium.support.pagefactory.internal.LocatingElementHandler.invoke(LocatingElementHandler.java:38)
at jdk.proxy2/jdk.proxy2.$Proxy40.click(Unknown Source)
at pageObjects.BatchPage.clickYesOption(BatchPage.java:693)
at stepDefinitions.DeleteBatch_SD.admin_click_option(DeleteBatch_SD.java:53)
at ✽.Admin click "yes" option(file:///C:/Users/subas/EclipseLMSPractice/Team15_SeleniumTribe_LMSUIHackathon_Apr24/src/test/resources/Features/D_BatchModule/04_DeleteBatch.feature:26)
]]>
    </error>
  </testcase> <!-- runScenario -->
  <system-out/>
  <testcase classname="runner.TestRunner" name="runScenario" time="0.982"/>
  <system-out/>
  <testcase classname="runner.TestRunner" name="runScenario" time="4.532"/>
  <system-out/>
</testsuite> <!-- runner.TestRunner -->
