<?xml version="1.0" encoding="UTF-8"?>
<!-- Generated by org.testng.reporters.JUnitReportReporter -->
<testsuite hostname="suba-pc" failures="0" tests="6" name="runner.TestRunner" time="10.091" errors="0" timestamp="2024-04-26T08:51:06 EDT" skipped="0">
  <testcase classname="runner.TestRunner" name="runScenario" time="1.106"/>
  <system-out/>
  <testcase classname="runner.TestRunner" name="runScenario" time="5.241"/>
  <system-out/>
  <testcase classname="runner.TestRunner" name="runScenario" time="0.897"/>
  <system-out/>
  <testcase classname="runner.TestRunner" name="runScenario" time="0.936"/>
  <system-out/>
  <testcase classname="runner.TestRunner" name="runScenario" time="0.986"/>
  <system-out/>
  <testcase classname="runner.TestRunner" name="runScenario" time="0.925"/>
  <system-out/>
</testsuite> <!-- runner.TestRunner -->
