<?xml version="1.0" encoding="UTF-8"?>
<!-- Generated by org.testng.reporters.JUnitReportReporter -->
<testsuite hostname="suba-pc" failures="0" tests="3" name="runner.TestRunner" time="68.158" errors="0" timestamp="2024-05-01T12:54:53 EDT" skipped="0">
  <testcase classname="runner.TestRunner" name="runScenario" time="26.012"/>
  <system-out/>
  <testcase classname="runner.TestRunner" name="runScenario" time="31.487"/>
  <system-out/>
  <testcase classname="runner.TestRunner" name="runScenario" time="10.659"/>
  <system-out/>
</testsuite> <!-- runner.TestRunner -->
