<?xml version="1.0" encoding="UTF-8"?>
<!-- Generated by org.testng.reporters.JUnitReportReporter -->
<testsuite hostname="suba-pc" failures="0" tests="6" name="runner.TestRunner" time="9.446" errors="0" timestamp="2024-04-27T13:13:31 EDT" skipped="0">
  <testcase classname="runner.TestRunner" name="runScenario" time="0.847"/>
  <system-out/>
  <testcase classname="runner.TestRunner" name="runScenario" time="0.861"/>
  <system-out/>
  <testcase classname="runner.TestRunner" name="runScenario" time="1.010"/>
  <system-out/>
  <testcase classname="runner.TestRunner" name="runScenario" time="0.833"/>
  <system-out/>
  <testcase classname="runner.TestRunner" name="runScenario" time="4.993"/>
  <system-out/>
  <testcase classname="runner.TestRunner" name="runScenario" time="0.902"/>
  <system-out/>
</testsuite> <!-- runner.TestRunner -->
