<?xml version="1.0" encoding="UTF-8"?>
<!-- Generated by org.testng.reporters.JUnitReportReporter -->
<testsuite hostname="suba-pc" failures="0" tests="2" name="runner.TestRunner" time="9.924" errors="0" timestamp="2024-04-25T06:13:57 EDT" skipped="0">
  <testcase classname="runner.TestRunner" name="runScenario" time="4.517"/>
  <system-out/>
  <testcase classname="runner.TestRunner" name="runScenario" time="5.407"/>
  <system-out/>
</testsuite> <!-- runner.TestRunner -->
