<?xml version="1.0" encoding="UTF-8"?>
<!-- Generated by org.testng.reporters.JUnitReportReporter -->
<testsuite hostname="suba-pc" failures="0" tests="12" name="runner.TestRunner" time="29.439" errors="0" timestamp="2024-05-02T10:31:26 EDT" skipped="0">
  <testcase classname="runner.TestRunner" name="runScenario" time="1.160"/>
  <system-out/>
  <testcase classname="runner.TestRunner" name="runScenario" time="5.855"/>
  <system-out/>
  <testcase classname="runner.TestRunner" name="runScenario" time="5.217"/>
  <system-out/>
  <testcase classname="runner.TestRunner" name="runScenario" time="0.963"/>
  <system-out/>
  <testcase classname="runner.TestRunner" name="runScenario" time="0.988"/>
  <system-out/>
  <testcase classname="runner.TestRunner" name="runScenario" time="4.328"/>
  <system-out/>
  <testcase classname="runner.TestRunner" name="runScenario" time="1.264"/>
  <system-out/>
  <testcase classname="runner.TestRunner" name="runScenario" time="1.148"/>
  <system-out/>
  <testcase classname="runner.TestRunner" name="runScenario" time="1.388"/>
  <system-out/>
  <testcase classname="runner.TestRunner" name="runScenario" time="1.129"/>
  <system-out/>
  <testcase classname="runner.TestRunner" name="runScenario" time="1.033"/>
  <system-out/>
  <testcase classname="runner.TestRunner" name="runScenario" time="4.966"/>
  <system-out/>
</testsuite> <!-- runner.TestRunner -->
