<?xml version="1.0" encoding="UTF-8"?>
<!-- Generated by org.testng.reporters.JUnitReportReporter -->
<testsuite hostname="Tania" failures="1" tests="38" name="runner.TestRunner" time="129.400" errors="2" timestamp="2024-04-29T18:48:04 PDT" skipped="0">
  <testcase classname="runner.TestRunner" name="runScenario" time="17.659"/>
  <system-out/>
  <testcase classname="runner.TestRunner" name="runScenario" time="11.802">
    <error message="Expected condition failed: waiting for invisibility of [[ChromeDriver: chrome on windows (c74d490c938529777eb652f48d2c69d0)] -&gt; xpath: //p-dialog/div/div/div/span[contains(text(),&#039;Program Details&#039;)]] (tried for 10 second(s) with 500 milliseconds interval)
Build info: version: &#039;4.19.1&#039;, revision: &#039;abe0ee07dc&#039;
System info: os.name: &#039;Windows 11&#039;, os.arch: &#039;amd64&#039;, os.version: &#039;10.0&#039;, java.version: &#039;18.0.2.1&#039;
Driver info: org.openqa.selenium.chrome.ChromeDriver
Capabilities {acceptInsecureCerts: false, browserName: chrome, browserVersion: 124.0.6367.63, chrome: {chromedriverVersion: 124.0.6367.91 (51df0e5e17a8..., userDataDir: C:\Users\kundu\AppData\Loca...}, fedcm:accounts: true, goog:chromeOptions: {debuggerAddress: localhost:59184}, networkConnectionEnabled: false, pageLoadStrategy: normal, platformName: windows, proxy: Proxy(), se:cdp: ws://localhost:59184/devtoo..., se:cdpVersion: 124.0.6367.63, setWindowRect: true, strictFileInteractability: false, timeouts: {implicit: 0, pageLoad: 300000, script: 30000}, unhandledPromptBehavior: dismiss and notify, webauthn:extension:credBlob: true, webauthn:extension:largeBlob: true, webauthn:extension:minPinLength: true, webauthn:extension:prf: true, webauthn:virtualAuthenticators: true}
Session ID: c74d490c938529777eb652f48d2c69d0" type="org.openqa.selenium.TimeoutException">
      <![CDATA[org.openqa.selenium.TimeoutException: Expected condition failed: waiting for invisibility of [[ChromeDriver: chrome on windows (c74d490c938529777eb652f48d2c69d0)] -> xpath: //p-dialog/div/div/div/span[contains(text(),'Program Details')]] (tried for 10 second(s) with 500 milliseconds interval)
Build info: version: '4.19.1', revision: 'abe0ee07dc'
System info: os.name: 'Windows 11', os.arch: 'amd64', os.version: '10.0', java.version: '18.0.2.1'
Driver info: org.openqa.selenium.chrome.ChromeDriver
Capabilities {acceptInsecureCerts: false, browserName: chrome, browserVersion: 124.0.6367.63, chrome: {chromedriverVersion: 124.0.6367.91 (51df0e5e17a8..., userDataDir: C:\Users\kundu\AppData\Loca...}, fedcm:accounts: true, goog:chromeOptions: {debuggerAddress: localhost:59184}, networkConnectionEnabled: false, pageLoadStrategy: normal, platformName: windows, proxy: Proxy(), se:cdp: ws://localhost:59184/devtoo..., se:cdpVersion: 124.0.6367.63, setWindowRect: true, strictFileInteractability: false, timeouts: {implicit: 0, pageLoad: 300000, script: 30000}, unhandledPromptBehavior: dismiss and notify, webauthn:extension:credBlob: true, webauthn:extension:largeBlob: true, webauthn:extension:minPinLength: true, webauthn:extension:prf: true, webauthn:virtualAuthenticators: true}
Session ID: c74d490c938529777eb652f48d2c69d0
at org.openqa.selenium.support.ui.WebDriverWait.timeoutException(WebDriverWait.java:84)
at org.openqa.selenium.support.ui.FluentWait.until(FluentWait.java:228)
at commonUtilities.CommonUtils.waitForElementToBeInVisible(CommonUtils.java:113)
at stepDefinitions.ManageProgramPage_SD.admin_can_see_the_program_details_popup_disappears_and_can_see_nothing_changed_for_particular_program(ManageProgramPage_SD.java:455)
at ✽.Admin can see the Program details popup disappears and can see nothing changed for particular program(file:///C:/Users/kundu/git/LMS-Hackathon-Team-15/src/test/resources/Features/C_ProgramModule/004_EditProgramDetails.feature:45)
]]>
    </error>
  </testcase> <!-- runScenario -->
  <system-out/>
  <testcase classname="runner.TestRunner" name="runScenario" time="1.706"/>
  <system-out/>
  <testcase classname="runner.TestRunner" name="runScenario" time="1.320"/>
  <system-out/>
  <testcase classname="runner.TestRunner" name="runScenario" time="1.587"/>
  <system-out/>
  <testcase classname="runner.TestRunner" name="runScenario" time="2.686"/>
  <system-out/>
  <testcase classname="runner.TestRunner" name="runScenario" time="2.020"/>
  <system-out/>
  <testcase classname="runner.TestRunner" name="runScenario" time="1.847"/>
  <system-out/>
  <testcase classname="runner.TestRunner" name="runScenario" time="0.775"/>
  <system-out/>
  <testcase classname="runner.TestRunner" name="runScenario" time="1.099"/>
  <system-out/>
  <testcase classname="runner.TestRunner" name="runScenario" time="3.092">
    <failure message="expected [true] but found [false]" type="java.lang.AssertionError">
      <![CDATA[java.lang.AssertionError: expected [true] but found [false]
at org.testng.Assert.fail(Assert.java:110)
at org.testng.Assert.failNotEquals(Assert.java:1577)
at org.testng.Assert.assertTrue(Assert.java:56)
at org.testng.Assert.assertTrue(Assert.java:66)
at pageObjects.ManageProgramPage.VerifySucessfullPopUp(ManageProgramPage.java:144)
at stepDefinitions.ManageProgramPage_SD.admin_gets_a_message_successful_program_created_alert_and_able_to_see_the_new_program_added_in_the_data_table_for_and(ManageProgramPage_SD.java:341)
at ✽.Admin gets a message Successful Program Created alert and able to see the new program added in the data table for "sheet1" and 0(file:///C:/Users/kundu/git/LMS-Hackathon-Team-15/src/test/resources/Features/C_ProgramModule/003_AddNewProgramForm.feature:62)
]]>
    </failure>
  </testcase> <!-- runScenario -->
  <system-out/>
  <testcase classname="runner.TestRunner" name="runScenario" time="0.431"/>
  <system-out/>
  <testcase classname="runner.TestRunner" name="runScenario" time="18.546"/>
  <system-out/>
  <testcase classname="runner.TestRunner" name="runScenario" time="0.014"/>
  <system-out/>
  <testcase classname="runner.TestRunner" name="runScenario" time="2.519"/>
  <system-out/>
  <testcase classname="runner.TestRunner" name="runScenario" time="2.299"/>
  <system-out/>
  <testcase classname="runner.TestRunner" name="runScenario" time="1.336"/>
  <system-out/>
  <testcase classname="runner.TestRunner" name="runScenario" time="1.670"/>
  <system-out/>
  <testcase classname="runner.TestRunner" name="runScenario" time="18.115">
    <error message="Cannot invoke &quot;org.openqa.selenium.WebElement.findElements(org.openqa.selenium.By)&quot; because &quot;row&quot; is null" type="java.lang.NullPointerException">
      <![CDATA[java.lang.NullPointerException: Cannot invoke "org.openqa.selenium.WebElement.findElements(org.openqa.selenium.By)" because "row" is null
at pageObjects.ManageProgramPage.getCell(ManageProgramPage.java:127)
at stepDefinitions.ManageProgramPage_SD.admin_find_a_specific_program_from_and_clicks_delete_button_on_the_data_table_for_the_specific_row(ManageProgramPage_SD.java:499)
at ✽.Admin find a specific program from "sheet1" and clicks <Delete> button on the data table for the specific row 0(file:///C:/Users/kundu/git/LMS-Hackathon-Team-15/src/test/resources/Features/C_ProgramModule/005_DeleteProgram.feature:22)
]]>
    </error>
  </testcase> <!-- runScenario -->
  <system-out/>
  <testcase classname="runner.TestRunner" name="runScenario" time="1.055"/>
  <system-out/>
  <testcase classname="runner.TestRunner" name="runScenario" time="0.684"/>
  <system-out/>
  <testcase classname="runner.TestRunner" name="runScenario" time="0.704"/>
  <system-out/>
  <testcase classname="runner.TestRunner" name="runScenario" time="0.991"/>
  <system-out/>
  <testcase classname="runner.TestRunner" name="runScenario" time="0.679"/>
  <system-out/>
  <testcase classname="runner.TestRunner" name="runScenario" time="1.549"/>
  <system-out/>
  <testcase classname="runner.TestRunner" name="runScenario" time="1.353"/>
  <system-out/>
  <testcase classname="runner.TestRunner" name="runScenario" time="1.689"/>
  <system-out/>
  <testcase classname="runner.TestRunner" name="runScenario" time="1.375"/>
  <system-out/>
  <testcase classname="runner.TestRunner" name="runScenario" time="0.675"/>
  <system-out/>
  <testcase classname="runner.TestRunner" name="runScenario" time="0.731"/>
  <system-out/>
  <testcase classname="runner.TestRunner" name="runScenario" time="1.499"/>
  <system-out/>
  <testcase classname="runner.TestRunner" name="runScenario" time="0.854"/>
  <system-out/>
  <testcase classname="runner.TestRunner" name="runScenario" time="1.599"/>
  <system-out/>
  <testcase classname="runner.TestRunner" name="runScenario" time="1.603"/>
  <system-out/>
  <testcase classname="runner.TestRunner" name="runScenario" time="0.730"/>
  <system-out/>
  <testcase classname="runner.TestRunner" name="runScenario" time="1.302"/>
  <system-out/>
  <testcase classname="runner.TestRunner" name="runScenario" time="3.159"/>
  <system-out/>
  <testcase classname="runner.TestRunner" name="runScenario" time="16.646"/>
  <system-out/>
</testsuite> <!-- runner.TestRunner -->
