<?xml version="1.0" encoding="UTF-8"?>
<!-- Generated by org.testng.reporters.JUnitReportReporter -->
<testsuite hostname="DESKTOP-25LN50V" failures="4" tests="12" name="runner.TestRunner" time="39.209" errors="0" timestamp="2024-04-26T19:24:23 PDT" skipped="0">
  <testcase classname="runner.TestRunner" name="runScenario" time="6.334"/>
  <system-out/>
  <testcase classname="runner.TestRunner" name="runScenario" time="4.574">
    <failure message="expected [true] but found [false]" type="java.lang.AssertionError">
      <![CDATA[java.lang.AssertionError: expected [true] but found [false]
at org.testng.Assert.fail(Assert.java:110)
at org.testng.Assert.failNotEquals(Assert.java:1577)
at org.testng.Assert.assertTrue(Assert.java:56)
at org.testng.Assert.assertTrue(Assert.java:66)
at pageObjects.ValidateSortingProgramTable.programDescAscendingOrder(ValidateSortingProgramTable.java:93)
at stepDefinitions.ManageProgramPage_SD.admin_clicks_the_sort_icon_of_program_desc_column(ManageProgramPage_SD.java:162)
at ✽.Admin clicks the sort icon of program Desc column(file:///C:/Users/chand/git/LMS-Hackathon-Team-15/src/test/resources/Features/ProgramModule/02_Sorting_DataOrdering_Validation.feature:19)
]]>
    </failure>
  </testcase> <!-- runScenario -->
  <system-out/>
  <testcase classname="runner.TestRunner" name="runScenario" time="1.948"/>
  <system-out/>
  <testcase classname="runner.TestRunner" name="runScenario" time="1.033"/>
  <system-out/>
  <testcase classname="runner.TestRunner" name="runScenario" time="1.045"/>
  <system-out/>
  <testcase classname="runner.TestRunner" name="runScenario" time="4.529">
    <failure message="expected [true] but found [false]" type="java.lang.AssertionError">
      <![CDATA[java.lang.AssertionError: expected [true] but found [false]
at org.testng.Assert.fail(Assert.java:110)
at org.testng.Assert.failNotEquals(Assert.java:1577)
at org.testng.Assert.assertTrue(Assert.java:56)
at org.testng.Assert.assertTrue(Assert.java:66)
at pageObjects.ValidateSortingProgramTable.programDescAscendingOrder(ValidateSortingProgramTable.java:93)
at stepDefinitions.ManageProgramPage_SD.admin_clicks_the_sort_icon_of_program_desc_column(ManageProgramPage_SD.java:162)
at ✽.Admin clicks the sort icon of program Desc column(file:///C:/Users/chand/git/LMS-Hackathon-Team-15/src/test/resources/Features/ProgramModule/02_Sorting_DataOrdering_Validation.feature:24)
]]>
    </failure>
  </testcase> <!-- runScenario -->
  <system-out/>
  <testcase classname="runner.TestRunner" name="runScenario" time="4.386">
    <failure message="expected [true] but found [false]" type="java.lang.AssertionError">
      <![CDATA[java.lang.AssertionError: expected [true] but found [false]
at org.testng.Assert.fail(Assert.java:110)
at org.testng.Assert.failNotEquals(Assert.java:1577)
at org.testng.Assert.assertTrue(Assert.java:56)
at org.testng.Assert.assertTrue(Assert.java:66)
at pageObjects.ValidateSortingProgramTable.programDescAscendingOrder(ValidateSortingProgramTable.java:93)
at stepDefinitions.ManageProgramPage_SD.admin_clicks_the_sort_icon_of_program_desc_column(ManageProgramPage_SD.java:162)
at ✽.Admin clicks the sort icon of program Desc column(file:///C:/Users/chand/git/LMS-Hackathon-Team-15/src/test/resources/Features/ProgramModule/02_Sorting_DataOrdering_Validation.feature:24)
]]>
    </failure>
  </testcase> <!-- runScenario -->
  <system-out/>
  <testcase classname="runner.TestRunner" name="runScenario" time="1.006"/>
  <system-out/>
  <testcase classname="runner.TestRunner" name="runScenario" time="4.555">
    <failure message="expected [true] but found [false]" type="java.lang.AssertionError">
      <![CDATA[java.lang.AssertionError: expected [true] but found [false]
at org.testng.Assert.fail(Assert.java:110)
at org.testng.Assert.failNotEquals(Assert.java:1577)
at org.testng.Assert.assertTrue(Assert.java:56)
at org.testng.Assert.assertTrue(Assert.java:66)
at pageObjects.ValidateSortingProgramTable.programDescAscendingOrder(ValidateSortingProgramTable.java:93)
at stepDefinitions.ManageProgramPage_SD.admin_clicks_the_sort_icon_of_program_desc_column(ManageProgramPage_SD.java:162)
at ✽.Admin clicks the sort icon of program Desc column(file:///C:/Users/chand/git/LMS-Hackathon-Team-15/src/test/resources/Features/ProgramModule/02_Sorting_DataOrdering_Validation.feature:19)
]]>
    </failure>
  </testcase> <!-- runScenario -->
  <system-out/>
  <testcase classname="runner.TestRunner" name="runScenario" time="1.062"/>
  <system-out/>
  <testcase classname="runner.TestRunner" name="runScenario" time="7.189"/>
  <system-out/>
  <testcase classname="runner.TestRunner" name="runScenario" time="1.548"/>
  <system-out/>
</testsuite> <!-- runner.TestRunner -->
