<?xml version="1.0" encoding="UTF-8"?>
<!-- Generated by org.testng.reporters.JUnitReportReporter -->
<testsuite hostname="suba-pc" failures="0" tests="2" name="runner.TestRunner" time="67.310" errors="0" timestamp="2024-05-01T00:48:10 EDT" skipped="0">
  <testcase classname="runner.TestRunner" name="runScenario" time="18.811"/>
  <system-out/>
  <testcase classname="runner.TestRunner" name="runScenario" time="48.499"/>
  <system-out/>
</testsuite> <!-- runner.TestRunner -->
