<?xml version="1.0" encoding="UTF-8"?>
<!-- Generated by org.testng.reporters.JUnitReportReporter -->
<testsuite hostname="suba-pc" failures="0" tests="4" name="runner.TestRunner" time="6.294" errors="0" timestamp="2024-04-24T01:40:12 EDT" skipped="0">
  <testcase classname="runner.TestRunner" name="runScenario" time="3.850"/>
  <system-out/>
  <testcase classname="runner.TestRunner" name="runScenario" time="0.086"/>
  <system-out/>
  <testcase classname="runner.TestRunner" name="runScenario" time="2.281"/>
  <system-out/>
  <testcase classname="runner.TestRunner" name="runScenario" time="0.077"/>
  <system-out/>
</testsuite> <!-- runner.TestRunner -->
